0 silly argv { _: [ 'create' ],
0 silly argv   lernaVersion: '3.14.1',
0 silly argv   '$0': 'node_modules/.bin/lerna',
0 silly argv   name: '@stencila/style-material' }
1 notice cli v3.14.1
2 verbose rootPath /Users/ketch/Git/stencila/style
3 info versioning independent
4 error Error: canceled
4 error     at Interface.<anonymous> (/Users/ketch/Git/stencila/style/node_modules/read/lib/read.js:66:13)
4 error     at Interface.emit (events.js:193:13)
4 error     at Interface._ttyWrite (readline.js:826:16)
4 error     at ReadStream.onkeypress (readline.js:183:10)
4 error     at ReadStream.emit (events.js:193:13)
4 error     at emitKeys (internal/readline.js:424:14)
4 error     at emitKeys.next (<anonymous>)
4 error     at ReadStream.onData (readline.js:1097:36)
4 error     at ReadStream.emit (events.js:193:13)
4 error     at addChunk (_stream_readable.js:295:12)
4 error     at readableAddChunk (_stream_readable.js:276:11)
4 error     at ReadStream.Readable.push (_stream_readable.js:231:10)
